\BOOKMARK [1][-]{section*.3}{Preface}{}% 1
\BOOKMARK [1][-]{section.1}{Introduction and Preliminaries}{}% 2
\BOOKMARK [2][-]{subsection.1.1}{Getting HPC Access}{section.1}% 3
\BOOKMARK [3][-]{subsubsection.1.1.1}{Mac and Linux}{subsection.1.1}% 4
\BOOKMARK [3][-]{subsubsection.1.1.2}{Windows}{subsection.1.1}% 5
\BOOKMARK [2][-]{subsection.1.2}{Once Logged In}{section.1}% 6
\BOOKMARK [2][-]{subsection.1.3}{Transferring Files to HPC}{section.1}% 7
\BOOKMARK [2][-]{subsection.1.4}{Mounting HPC Drive on Your Machine}{section.1}% 8
\BOOKMARK [3][-]{subsubsection.1.4.1}{Mac and Linux}{subsection.1.4}% 9
\BOOKMARK [3][-]{subsubsection.1.4.2}{Windows}{subsection.1.4}% 10
\BOOKMARK [2][-]{subsection.1.5}{Logging in When Not On QUT's Network}{section.1}% 11
\BOOKMARK [1][-]{section.2}{Submitting Jobs}{}% 12
\BOOKMARK [2][-]{subsection.2.1}{Interactive Jobs}{section.2}% 13
\BOOKMARK [2][-]{subsection.2.2}{Modules}{section.2}% 14
\BOOKMARK [3][-]{subsubsection.2.2.1}{R Modules}{subsection.2.2}% 15
\BOOKMARK [3][-]{subsubsection.2.2.2}{Matlab Modules}{subsection.2.2}% 16
\BOOKMARK [3][-]{subsubsection.2.2.3}{Mathematica Modules}{subsection.2.2}% 17
\BOOKMARK [3][-]{subsubsection.2.2.4}{Python Modules}{subsection.2.2}% 18
\BOOKMARK [2][-]{subsection.2.3}{Installing Additional Packages}{section.2}% 19
\BOOKMARK [3][-]{subsubsection.2.3.1}{Installing Python Packages}{subsection.2.3}% 20
\BOOKMARK [3][-]{subsubsection.2.3.2}{Installing R Packages}{subsection.2.3}% 21
\BOOKMARK [2][-]{subsection.2.4}{Submitting Batch Jobs}{section.2}% 22
\BOOKMARK [3][-]{subsubsection.2.4.1}{Installing More Packages}{subsection.2.4}% 23
\BOOKMARK [3][-]{subsubsection.2.4.2}{Quick Note on Python}{subsection.2.4}% 24
\BOOKMARK [1][-]{section.3}{Examples}{}% 25
\BOOKMARK [2][-]{subsection.3.1}{Multicore Processing - Let the OS do the Hard Work}{section.3}% 26
\BOOKMARK [3][-]{subsubsection.3.1.1}{Example: Experimenting with Different Model Configurations in Parallel}{subsection.3.1}% 27
\BOOKMARK [3][-]{subsubsection.3.1.2}{Example: Preprocessing Large Number of Files In Parallel}{subsection.3.1}% 28
\BOOKMARK [3][-]{subsubsection.3.1.3}{Tips for bulk Submitting Jobs}{subsection.3.1}% 29
\BOOKMARK [2][-]{subsection.3.2}{Multicore Processing - The Hard Way}{section.3}% 30
\BOOKMARK [1][-]{section.4}{Quick Guide}{}% 31
\BOOKMARK [1][-]{section.5}{Other Tips, Tricks and some Common Errors.}{}% 32
\BOOKMARK [2][-]{subsection.5.1}{ Some of the Commands in this guide aren't working 47}{section.5}% 33
\BOOKMARK [2][-]{subsection.5.2}{Installed R Packages aren't loading}{section.5}% 34
\BOOKMARK [2][-]{subsection.5.3}{Installing More Packages}{section.5}% 35
\BOOKMARK [2][-]{subsection.5.4}{HPC is being painfully slow 47}{section.5}% 36
\BOOKMARK [2][-]{subsection.5.5}{Error - /usr/bin/env: 'bash': No such file or directory}{section.5}% 37
\BOOKMARK [2][-]{subsection.5.6}{``Ethan, your way sucks and I have a much better way to achieve this''}{section.5}% 38
\BOOKMARK [2][-]{subsection.5.7}{``I have tried and tried, but nothing is working''}{section.5}% 39
\BOOKMARK [2][-]{subsection.5.8}{Error loading modules: If module is not a typo you can use command-not-found to lookup the package that contains it, like this: cnf module}{section.5}% 40
